app/build/intermediates/manifest_merge_blame_file/debug/processDebugMainManifest/manifest-merger-blame-debug-report.txt
1<?xml version="1.0" encoding="utf-8"?>
2<manifest xmlns:android="http://schemas.android.com/apk/res/android"
3    package="com.example.notificationapp"
4    android:versionCode="1"
5    android:versionName="1.0" >
6
7    <uses-sdk
8        android:minSdkVersion="26"
9        android:targetSdkVersion="34" />
10
11    <uses-permission android:name="android.permission.POST_NOTIFICATIONS" />
11-->src\main\AndroidManifest.xml:5:5-77
11-->src\main\AndroidManifest.xml:5:22-74
12
13    <permission
13-->[androidx.core:core:1.15.0] AndroidManifest.xml:22:5-24:47
14        android:name="com.example.notificationapp.DYNAMIC_RECEIVER_NOT_EXPORTED_PERMISSION"
14-->[androidx.core:core:1.15.0] AndroidManifest.xml:23:9-81
15        android:protectionLevel="signature" />
15-->[androidx.core:core:1.15.0] AndroidManifest.xml:24:9-44
16
17    <uses-permission android:name="com.example.notificationapp.DYNAMIC_RECEIVER_NOT_EXPORTED_PERMISSION" />
17-->[androidx.core:core:1.15.0] AndroidManifest.xml:26:5-97
17-->[androidx.core:core:1.15.0] AndroidManifest.xml:26:22-94
18
19    <application
19-->src\main\AndroidManifest.xml:7:5-82:19
20        android:allowBackup="true"
20-->src\main\AndroidManifest.xml:8:9-35
21        android:appComponentFactory="androidx.core.app.CoreComponentFactory"
21-->[androidx.core:core:1.15.0] AndroidManifest.xml:28:18-86
22        android:dataExtractionRules="@xml/data_extraction_rules"
22-->src\main\AndroidManifest.xml:9:9-65
23        android:debuggable="true"
24        android:extractNativeLibs="false"
25        android:fullBackupContent="@xml/backup_rules"
25-->src\main\AndroidManifest.xml:10:9-54
26        android:icon="@drawable/logo"
26-->src\main\AndroidManifest.xml:11:9-38
27        android:label="@string/app_name"
27-->src\main\AndroidManifest.xml:12:9-41
28        android:roundIcon="@drawable/logo"
28-->src\main\AndroidManifest.xml:13:9-43
29        android:supportsRtl="true"
29-->src\main\AndroidManifest.xml:14:9-35
30        android:testOnly="true"
31        android:theme="@style/Theme.NotificationApp" >
31-->src\main\AndroidManifest.xml:15:9-53
32        <activity
32-->src\main\AndroidManifest.xml:17:9-19:40
33            android:name="com.example.notificationapp.ServerCommunication_Activity"
33-->src\main\AndroidManifest.xml:18:13-57
34            android:exported="false" />
34-->src\main\AndroidManifest.xml:19:13-37
35        <!-- <activity -->
36        <!-- android:name=".Question1_Final_Notification" -->
37        <!-- android:exported="false" /> -->
38        <activity
38-->src\main\AndroidManifest.xml:23:9-33:20
39            android:name="com.example.notificationapp.Question1_Mid"
39-->src\main\AndroidManifest.xml:24:13-42
40            android:exported="true" >
40-->src\main\AndroidManifest.xml:25:13-36
41
42            <!-- <intent-filter> -->
43            <!-- <action android:name="android.intent.action.MAIN" /> -->
44
45
46            <!-- <category android:name="android.intent.category.LAUNCHER" /> -->
47            <!-- </intent-filter> -->
48        </activity>
49        <activity
49-->src\main\AndroidManifest.xml:34:9-44:20
50            android:name="com.example.notificationapp.Animation"
50-->src\main\AndroidManifest.xml:35:13-38
51            android:exported="true" >
51-->src\main\AndroidManifest.xml:36:13-36
52
53            <!-- <intent-filter> -->
54            <!-- <action android:name="android.intent.action.MAIN" /> -->
55
56
57            <!-- <category android:name="android.intent.category.LAUNCHER" /> -->
58            <!-- </intent-filter> -->
59        </activity>
60        <activity
60-->src\main\AndroidManifest.xml:45:9-47:40
61            android:name="com.example.notificationapp.SignUp"
61-->src\main\AndroidManifest.xml:46:13-35
62            android:exported="false" />
62-->src\main\AndroidManifest.xml:47:13-37
63        <activity
63-->src\main\AndroidManifest.xml:48:9-50:40
64            android:name="com.example.notificationapp.LoginPage"
64-->src\main\AndroidManifest.xml:49:13-38
65            android:exported="false" />
65-->src\main\AndroidManifest.xml:50:13-37
66        <activity
66-->src\main\AndroidManifest.xml:51:9-61:20
67            android:name="com.example.notificationapp.SplashScreen"
67-->src\main\AndroidManifest.xml:52:13-41
68            android:exported="true" >
68-->src\main\AndroidManifest.xml:53:13-36
69
70            <!-- <intent-filter> -->
71            <!-- <action android:name="android.intent.action.MAIN" /> -->
72
73
74            <!-- <category android:name="android.intent.category.LAUNCHER" /> -->
75            <!-- </intent-filter> -->
76        </activity>
77        <activity
77-->src\main\AndroidManifest.xml:62:9-72:20
78            android:name="com.example.notificationapp.MainActivity"
78-->src\main\AndroidManifest.xml:63:13-41
79            android:exported="true" >
79-->src\main\AndroidManifest.xml:64:13-36
80
81            <!-- <intent-filter> -->
82            <!-- <action android:name="android.intent.action.MAIN" /> -->
83
84
85            <!-- <category android:name="android.intent.category.LAUNCHER" /> -->
86            <!-- </intent-filter> -->
87        </activity>
88        <activity
88-->src\main\AndroidManifest.xml:73:9-81:20
89            android:name="com.example.notificationapp.Final_Question1"
89-->src\main\AndroidManifest.xml:74:13-44
90            android:exported="true" >
90-->src\main\AndroidManifest.xml:75:13-36
91            <intent-filter>
91-->src\main\AndroidManifest.xml:76:13-80:29
92                <action android:name="android.intent.action.MAIN" />
92-->src\main\AndroidManifest.xml:77:17-69
92-->src\main\AndroidManifest.xml:77:25-66
93
94                <category android:name="android.intent.category.LAUNCHER" />
94-->src\main\AndroidManifest.xml:79:17-77
94-->src\main\AndroidManifest.xml:79:27-74
95            </intent-filter>
96        </activity>
97
98        <provider
98-->[androidx.emoji2:emoji2:1.3.0] AndroidManifest.xml:24:9-32:20
99            android:name="androidx.startup.InitializationProvider"
99-->[androidx.emoji2:emoji2:1.3.0] AndroidManifest.xml:25:13-67
100            android:authorities="com.example.notificationapp.androidx-startup"
100-->[androidx.emoji2:emoji2:1.3.0] AndroidManifest.xml:26:13-68
101            android:exported="false" >
101-->[androidx.emoji2:emoji2:1.3.0] AndroidManifest.xml:27:13-37
102            <meta-data
102-->[androidx.emoji2:emoji2:1.3.0] AndroidManifest.xml:29:13-31:52
103                android:name="androidx.emoji2.text.EmojiCompatInitializer"
103-->[androidx.emoji2:emoji2:1.3.0] AndroidManifest.xml:30:17-75
104                android:value="androidx.startup" />
104-->[androidx.emoji2:emoji2:1.3.0] AndroidManifest.xml:31:17-49
105            <meta-data
105-->[androidx.lifecycle:lifecycle-process:2.6.2] AndroidManifest.xml:29:13-31:52
106                android:name="androidx.lifecycle.ProcessLifecycleInitializer"
106-->[androidx.lifecycle:lifecycle-process:2.6.2] AndroidManifest.xml:30:17-78
107                android:value="androidx.startup" />
107-->[androidx.lifecycle:lifecycle-process:2.6.2] AndroidManifest.xml:31:17-49
108            <meta-data
108-->[androidx.profileinstaller:profileinstaller:1.4.0] AndroidManifest.xml:29:13-31:52
109                android:name="androidx.profileinstaller.ProfileInstallerInitializer"
109-->[androidx.profileinstaller:profileinstaller:1.4.0] AndroidManifest.xml:30:17-85
110                android:value="androidx.startup" />
110-->[androidx.profileinstaller:profileinstaller:1.4.0] AndroidManifest.xml:31:17-49
111        </provider>
112
113        <receiver
113-->[androidx.profileinstaller:profileinstaller:1.4.0] AndroidManifest.xml:34:9-52:20
114            android:name="androidx.profileinstaller.ProfileInstallReceiver"
114-->[androidx.profileinstaller:profileinstaller:1.4.0] AndroidManifest.xml:35:13-76
115            android:directBootAware="false"
115-->[androidx.profileinstaller:profileinstaller:1.4.0] AndroidManifest.xml:36:13-44
116            android:enabled="true"
116-->[androidx.profileinstaller:profileinstaller:1.4.0] AndroidManifest.xml:37:13-35
117            android:exported="true"
117-->[androidx.profileinstaller:profileinstaller:1.4.0] AndroidManifest.xml:38:13-36
118            android:permission="android.permission.DUMP" >
118-->[androidx.profileinstaller:profileinstaller:1.4.0] AndroidManifest.xml:39:13-57
119            <intent-filter>
119-->[androidx.profileinstaller:profileinstaller:1.4.0] AndroidManifest.xml:40:13-42:29
120                <action android:name="androidx.profileinstaller.action.INSTALL_PROFILE" />
120-->[androidx.profileinstaller:profileinstaller:1.4.0] AndroidManifest.xml:41:17-91
120-->[androidx.profileinstaller:profileinstaller:1.4.0] AndroidManifest.xml:41:25-88
121            </intent-filter>
122            <intent-filter>
122-->[androidx.profileinstaller:profileinstaller:1.4.0] AndroidManifest.xml:43:13-45:29
123                <action android:name="androidx.profileinstaller.action.SKIP_FILE" />
123-->[androidx.profileinstaller:profileinstaller:1.4.0] AndroidManifest.xml:44:17-85
123-->[androidx.profileinstaller:profileinstaller:1.4.0] AndroidManifest.xml:44:25-82
124            </intent-filter>
125            <intent-filter>
125-->[androidx.profileinstaller:profileinstaller:1.4.0] AndroidManifest.xml:46:13-48:29
126                <action android:name="androidx.profileinstaller.action.SAVE_PROFILE" />
126-->[androidx.profileinstaller:profileinstaller:1.4.0] AndroidManifest.xml:47:17-88
126-->[androidx.profileinstaller:profileinstaller:1.4.0] AndroidManifest.xml:47:25-85
127            </intent-filter>
128            <intent-filter>
128-->[androidx.profileinstaller:profileinstaller:1.4.0] AndroidManifest.xml:49:13-51:29
129                <action android:name="androidx.profileinstaller.action.BENCHMARK_OPERATION" />
129-->[androidx.profileinstaller:profileinstaller:1.4.0] AndroidManifest.xml:50:17-95
129-->[androidx.profileinstaller:profileinstaller:1.4.0] AndroidManifest.xml:50:25-92
130            </intent-filter>
131        </receiver>
132    </application>
133
134</manifest>